GAS LISTING /tmp/ccs3XlGW.s 			page 1


   1              		.file	"oop_base_object.c"
   2              		.text
   3              	.Ltext0:
   4              		.file 0 "/home/alex/ChibiOS/demos/various/LAB3_VARIANT3" "../../../os/common/oop/src/oop_base_obje
   5              		.section	.text.__bo_objinit_impl,"ax",@progbits
   6              		.p2align 4
   7              		.globl	__bo_objinit_impl
   8              		.type	__bo_objinit_impl, @function
   9              	__bo_objinit_impl:
  10              	.LVL0:
  11              	.LFB238:
  12              		.file 1 "../../../os/common/oop/src/oop_base_object.c"
  13              		.loc 1 76 52 view -0
  14              		.cfi_startproc
  15              		.loc 1 77 3 view .LVU1
  16              		.loc 1 76 52 is_stmt 0 view .LVU2
  17 0000 8B442404 		movl	4(%esp), %eax
  18              	.LVL1:
  19              		.loc 1 80 3 is_stmt 1 view .LVU3
  20              		.loc 1 80 13 is_stmt 0 view .LVU4
  21 0004 8B542408 		movl	8(%esp), %edx
  22 0008 8910     		movl	%edx, (%eax)
  23              		.loc 1 84 3 is_stmt 1 view .LVU5
  24              		.loc 1 85 1 is_stmt 0 view .LVU6
  25 000a C3       		ret
  26              		.cfi_endproc
  27              	.LFE238:
  28              		.size	__bo_objinit_impl, .-__bo_objinit_impl
  29              		.section	.text.__bo_dispose_impl,"ax",@progbits
  30              		.p2align 4
  31              		.globl	__bo_dispose_impl
  32              		.type	__bo_dispose_impl, @function
  33              	__bo_dispose_impl:
  34              	.LVL2:
  35              	.LFB239:
  36              		.loc 1 97 34 is_stmt 1 view -0
  37              		.cfi_startproc
  38              		.loc 1 98 3 view .LVU8
  39              		.loc 1 101 3 view .LVU9
  40              		.loc 1 102 1 is_stmt 0 view .LVU10
  41 0000 C3       		ret
  42              		.cfi_endproc
  43              	.LFE239:
  44              		.size	__bo_dispose_impl, .-__bo_dispose_impl
  45              		.text
  46              	.Letext0:
  47              		.file 2 "../../../os/common/oop/include/oop_base_object.h"
  48              		.section	.debug_info,"",@progbits
  49              	.Ldebug_info0:
  50 0000 66010000 		.long	0x166
  51 0004 0500     		.value	0x5
  52 0006 01       		.byte	0x1
  53 0007 04       		.byte	0x4
  54 0008 00000000 		.long	.Ldebug_abbrev0
  55 000c 06       		.uleb128 0x6
  56 000d 35000000 		.long	.LASF19
  57 0011 1D       		.byte	0x1d
GAS LISTING /tmp/ccs3XlGW.s 			page 2


  58 0012 00000000 		.long	.LASF0
  59 0016 2D000000 		.long	.LASF1
  60 001a 0C000000 		.long	.LLRL2
  61 001e 00000000 		.long	0
  62 0022 00000000 		.long	.Ldebug_line0
  63 0026 07       		.uleb128 0x7
  64 0027 04       		.byte	0x4
  65 0028 05       		.byte	0x5
  66 0029 696E7400 		.string	"int"
  67 002d 01       		.uleb128 0x1
  68 002e 04       		.byte	0x4
  69 002f 07       		.byte	0x7
  70 0030 0E000000 		.long	.LASF2
  71 0034 01       		.uleb128 0x1
  72 0035 04       		.byte	0x4
  73 0036 05       		.byte	0x5
  74 0037 48010000 		.long	.LASF3
  75 003b 01       		.uleb128 0x1
  76 003c 08       		.byte	0x8
  77 003d 05       		.byte	0x5
  78 003e 00000000 		.long	.LASF4
  79 0042 01       		.uleb128 0x1
  80 0043 0C       		.byte	0xc
  81 0044 04       		.byte	0x4
  82 0045 84010000 		.long	.LASF5
  83 0049 01       		.uleb128 0x1
  84 004a 10       		.byte	0x10
  85 004b 04       		.byte	0x4
  86 004c ED000000 		.long	.LASF6
  87 0050 01       		.uleb128 0x1
  88 0051 01       		.byte	0x1
  89 0052 08       		.byte	0x8
  90 0053 35010000 		.long	.LASF7
  91 0057 01       		.uleb128 0x1
  92 0058 02       		.byte	0x2
  93 0059 07       		.byte	0x7
  94 005a 57010000 		.long	.LASF8
  95 005e 01       		.uleb128 0x1
  96 005f 04       		.byte	0x4
  97 0060 07       		.byte	0x7
  98 0061 F7000000 		.long	.LASF9
  99 0065 01       		.uleb128 0x1
 100 0066 01       		.byte	0x1
 101 0067 06       		.byte	0x6
 102 0068 AC010000 		.long	.LASF10
 103 006c 01       		.uleb128 0x1
 104 006d 02       		.byte	0x2
 105 006e 05       		.byte	0x5
 106 006f 90010000 		.long	.LASF11
 107 0073 01       		.uleb128 0x1
 108 0074 08       		.byte	0x8
 109 0075 07       		.byte	0x7
 110 0076 09010000 		.long	.LASF12
 111 007a 08       		.uleb128 0x8
 112 007b 04       		.byte	0x4
 113 007c 01       		.uleb128 0x1
 114 007d 01       		.byte	0x1
GAS LISTING /tmp/ccs3XlGW.s 			page 3


 115 007e 06       		.byte	0x6
 116 007f 43010000 		.long	.LASF13
 117 0083 01       		.uleb128 0x1
 118 0084 01       		.byte	0x1
 119 0085 02       		.byte	0x2
 120 0086 51010000 		.long	.LASF14
 121 008a 02       		.uleb128 0x2
 122 008b 8F000000 		.long	0x8f
 123 008f 09       		.uleb128 0x9
 124 0090 9A000000 		.long	0x9a
 125 0094 0A       		.uleb128 0xa
 126 0095 7A000000 		.long	0x7a
 127 0099 00       		.byte	0
 128 009a 0B       		.uleb128 0xb
 129 009b 1B000000 		.long	.LASF20
 130 009f 02       		.byte	0x2
 131 00a0 96       		.byte	0x96
 132 00a1 1C       		.byte	0x1c
 133 00a2 A6000000 		.long	0xa6
 134 00a6 04       		.uleb128 0x4
 135 00a7 29000000 		.long	.LASF15
 136 00ab A3       		.byte	0xa3
 137 00ac BE000000 		.long	0xbe
 138 00b0 0C       		.uleb128 0xc
 139 00b1 766D7400 		.string	"vmt"
 140 00b5 02       		.byte	0x2
 141 00b6 A7       		.byte	0xa7
 142 00b7 21       		.byte	0x21
 143 00b8 DB000000 		.long	0xdb
 144 00bc 00       		.byte	0
 145 00bd 00       		.byte	0
 146 00be 04       		.uleb128 0x4
 147 00bf 25010000 		.long	.LASF16
 148 00c3 9B       		.byte	0x9b
 149 00c4 D6000000 		.long	0xd6
 150 00c8 0D       		.uleb128 0xd
 151 00c9 6A010000 		.long	.LASF17
 152 00cd 02       		.byte	0x2
 153 00ce 9D       		.byte	0x9d
 154 00cf 0A       		.byte	0xa
 155 00d0 8A000000 		.long	0x8a
 156 00d4 00       		.byte	0
 157 00d5 00       		.byte	0
 158 00d6 0E       		.uleb128 0xe
 159 00d7 BE000000 		.long	0xbe
 160 00db 02       		.uleb128 0x2
 161 00dc D6000000 		.long	0xd6
 162 00e0 0F       		.uleb128 0xf
 163 00e1 72010000 		.long	.LASF21
 164 00e5 01       		.byte	0x1
 165 00e6 61       		.byte	0x61
 166 00e7 06       		.byte	0x6
 167 00e8 00000000 		.long	.LFB239
 168 00ec 01000000 		.long	.LFE239-.LFB239
 169 00f0 01       		.uleb128 0x1
 170 00f1 9C       		.byte	0x9c
 171 00f2 16010000 		.long	0x116
GAS LISTING /tmp/ccs3XlGW.s 			page 4


 172 00f6 03       		.uleb128 0x3
 173 00f7 697000   		.string	"ip"
 174 00fa 61       		.byte	0x61
 175 00fb 1E       		.byte	0x1e
 176 00fc 7A000000 		.long	0x7a
 177 0100 02       		.uleb128 0x2
 178 0101 91       		.byte	0x91
 179 0102 00       		.sleb128 0
 180 0103 05       		.uleb128 0x5
 181 0104 20010000 		.long	.LASF18
 182 0108 62       		.byte	0x62
 183 0109 16010000 		.long	0x116
 184 010d 0E000000 		.long	.LLST1
 185 0111 0C000000 		.long	.LVUS1
 186 0115 00       		.byte	0
 187 0116 02       		.uleb128 0x2
 188 0117 9A000000 		.long	0x9a
 189 011b 10       		.uleb128 0x10
 190 011c 9A010000 		.long	.LASF22
 191 0120 01       		.byte	0x1
 192 0121 4C       		.byte	0x4c
 193 0122 07       		.byte	0x7
 194 0123 7A000000 		.long	0x7a
 195 0127 00000000 		.long	.LFB238
 196 012b 0B000000 		.long	.LFE238-.LFB238
 197 012f 01       		.uleb128 0x1
 198 0130 9C       		.byte	0x9c
 199 0131 63010000 		.long	0x163
 200 0135 03       		.uleb128 0x3
 201 0136 697000   		.string	"ip"
 202 0139 4C       		.byte	0x4c
 203 013a 1F       		.byte	0x1f
 204 013b 7A000000 		.long	0x7a
 205 013f 02       		.uleb128 0x2
 206 0140 91       		.byte	0x91
 207 0141 00       		.sleb128 0
 208 0142 03       		.uleb128 0x3
 209 0143 766D7400 		.string	"vmt"
 210 0147 4C       		.byte	0x4c
 211 0148 2F       		.byte	0x2f
 212 0149 63010000 		.long	0x163
 213 014d 02       		.uleb128 0x2
 214 014e 91       		.byte	0x91
 215 014f 04       		.sleb128 4
 216 0150 05       		.uleb128 0x5
 217 0151 20010000 		.long	.LASF18
 218 0155 4D       		.byte	0x4d
 219 0156 16010000 		.long	0x116
 220 015a 1A000000 		.long	.LLST0
 221 015e 18000000 		.long	.LVUS0
 222 0162 00       		.byte	0
 223 0163 02       		.uleb128 0x2
 224 0164 68010000 		.long	0x168
 225 0168 11       		.uleb128 0x11
 226 0169 00       		.byte	0
 227              		.section	.debug_abbrev,"",@progbits
 228              	.Ldebug_abbrev0:
GAS LISTING /tmp/ccs3XlGW.s 			page 5


 229 0000 01       		.uleb128 0x1
 230 0001 24       		.uleb128 0x24
 231 0002 00       		.byte	0
 232 0003 0B       		.uleb128 0xb
 233 0004 0B       		.uleb128 0xb
 234 0005 3E       		.uleb128 0x3e
 235 0006 0B       		.uleb128 0xb
 236 0007 03       		.uleb128 0x3
 237 0008 0E       		.uleb128 0xe
 238 0009 00       		.byte	0
 239 000a 00       		.byte	0
 240 000b 02       		.uleb128 0x2
 241 000c 0F       		.uleb128 0xf
 242 000d 00       		.byte	0
 243 000e 0B       		.uleb128 0xb
 244 000f 21       		.uleb128 0x21
 245 0010 04       		.sleb128 4
 246 0011 49       		.uleb128 0x49
 247 0012 13       		.uleb128 0x13
 248 0013 00       		.byte	0
 249 0014 00       		.byte	0
 250 0015 03       		.uleb128 0x3
 251 0016 05       		.uleb128 0x5
 252 0017 00       		.byte	0
 253 0018 03       		.uleb128 0x3
 254 0019 08       		.uleb128 0x8
 255 001a 3A       		.uleb128 0x3a
 256 001b 21       		.uleb128 0x21
 257 001c 01       		.sleb128 1
 258 001d 3B       		.uleb128 0x3b
 259 001e 0B       		.uleb128 0xb
 260 001f 39       		.uleb128 0x39
 261 0020 0B       		.uleb128 0xb
 262 0021 49       		.uleb128 0x49
 263 0022 13       		.uleb128 0x13
 264 0023 02       		.uleb128 0x2
 265 0024 18       		.uleb128 0x18
 266 0025 00       		.byte	0
 267 0026 00       		.byte	0
 268 0027 04       		.uleb128 0x4
 269 0028 13       		.uleb128 0x13
 270 0029 01       		.byte	0x1
 271 002a 03       		.uleb128 0x3
 272 002b 0E       		.uleb128 0xe
 273 002c 0B       		.uleb128 0xb
 274 002d 21       		.uleb128 0x21
 275 002e 04       		.sleb128 4
 276 002f 3A       		.uleb128 0x3a
 277 0030 21       		.uleb128 0x21
 278 0031 02       		.sleb128 2
 279 0032 3B       		.uleb128 0x3b
 280 0033 0B       		.uleb128 0xb
 281 0034 39       		.uleb128 0x39
 282 0035 21       		.uleb128 0x21
 283 0036 08       		.sleb128 8
 284 0037 01       		.uleb128 0x1
 285 0038 13       		.uleb128 0x13
GAS LISTING /tmp/ccs3XlGW.s 			page 6


 286 0039 00       		.byte	0
 287 003a 00       		.byte	0
 288 003b 05       		.uleb128 0x5
 289 003c 34       		.uleb128 0x34
 290 003d 00       		.byte	0
 291 003e 03       		.uleb128 0x3
 292 003f 0E       		.uleb128 0xe
 293 0040 3A       		.uleb128 0x3a
 294 0041 21       		.uleb128 0x21
 295 0042 01       		.sleb128 1
 296 0043 3B       		.uleb128 0x3b
 297 0044 0B       		.uleb128 0xb
 298 0045 39       		.uleb128 0x39
 299 0046 21       		.uleb128 0x21
 300 0047 12       		.sleb128 18
 301 0048 49       		.uleb128 0x49
 302 0049 13       		.uleb128 0x13
 303 004a 02       		.uleb128 0x2
 304 004b 17       		.uleb128 0x17
 305 004c B742     		.uleb128 0x2137
 306 004e 17       		.uleb128 0x17
 307 004f 00       		.byte	0
 308 0050 00       		.byte	0
 309 0051 06       		.uleb128 0x6
 310 0052 11       		.uleb128 0x11
 311 0053 01       		.byte	0x1
 312 0054 25       		.uleb128 0x25
 313 0055 0E       		.uleb128 0xe
 314 0056 13       		.uleb128 0x13
 315 0057 0B       		.uleb128 0xb
 316 0058 03       		.uleb128 0x3
 317 0059 1F       		.uleb128 0x1f
 318 005a 1B       		.uleb128 0x1b
 319 005b 1F       		.uleb128 0x1f
 320 005c 55       		.uleb128 0x55
 321 005d 17       		.uleb128 0x17
 322 005e 11       		.uleb128 0x11
 323 005f 01       		.uleb128 0x1
 324 0060 10       		.uleb128 0x10
 325 0061 17       		.uleb128 0x17
 326 0062 00       		.byte	0
 327 0063 00       		.byte	0
 328 0064 07       		.uleb128 0x7
 329 0065 24       		.uleb128 0x24
 330 0066 00       		.byte	0
 331 0067 0B       		.uleb128 0xb
 332 0068 0B       		.uleb128 0xb
 333 0069 3E       		.uleb128 0x3e
 334 006a 0B       		.uleb128 0xb
 335 006b 03       		.uleb128 0x3
 336 006c 08       		.uleb128 0x8
 337 006d 00       		.byte	0
 338 006e 00       		.byte	0
 339 006f 08       		.uleb128 0x8
 340 0070 0F       		.uleb128 0xf
 341 0071 00       		.byte	0
 342 0072 0B       		.uleb128 0xb
GAS LISTING /tmp/ccs3XlGW.s 			page 7


 343 0073 0B       		.uleb128 0xb
 344 0074 00       		.byte	0
 345 0075 00       		.byte	0
 346 0076 09       		.uleb128 0x9
 347 0077 15       		.uleb128 0x15
 348 0078 01       		.byte	0x1
 349 0079 27       		.uleb128 0x27
 350 007a 19       		.uleb128 0x19
 351 007b 01       		.uleb128 0x1
 352 007c 13       		.uleb128 0x13
 353 007d 00       		.byte	0
 354 007e 00       		.byte	0
 355 007f 0A       		.uleb128 0xa
 356 0080 05       		.uleb128 0x5
 357 0081 00       		.byte	0
 358 0082 49       		.uleb128 0x49
 359 0083 13       		.uleb128 0x13
 360 0084 00       		.byte	0
 361 0085 00       		.byte	0
 362 0086 0B       		.uleb128 0xb
 363 0087 16       		.uleb128 0x16
 364 0088 00       		.byte	0
 365 0089 03       		.uleb128 0x3
 366 008a 0E       		.uleb128 0xe
 367 008b 3A       		.uleb128 0x3a
 368 008c 0B       		.uleb128 0xb
 369 008d 3B       		.uleb128 0x3b
 370 008e 0B       		.uleb128 0xb
 371 008f 39       		.uleb128 0x39
 372 0090 0B       		.uleb128 0xb
 373 0091 49       		.uleb128 0x49
 374 0092 13       		.uleb128 0x13
 375 0093 00       		.byte	0
 376 0094 00       		.byte	0
 377 0095 0C       		.uleb128 0xc
 378 0096 0D       		.uleb128 0xd
 379 0097 00       		.byte	0
 380 0098 03       		.uleb128 0x3
 381 0099 08       		.uleb128 0x8
 382 009a 3A       		.uleb128 0x3a
 383 009b 0B       		.uleb128 0xb
 384 009c 3B       		.uleb128 0x3b
 385 009d 0B       		.uleb128 0xb
 386 009e 39       		.uleb128 0x39
 387 009f 0B       		.uleb128 0xb
 388 00a0 49       		.uleb128 0x49
 389 00a1 13       		.uleb128 0x13
 390 00a2 38       		.uleb128 0x38
 391 00a3 0B       		.uleb128 0xb
 392 00a4 00       		.byte	0
 393 00a5 00       		.byte	0
 394 00a6 0D       		.uleb128 0xd
 395 00a7 0D       		.uleb128 0xd
 396 00a8 00       		.byte	0
 397 00a9 03       		.uleb128 0x3
 398 00aa 0E       		.uleb128 0xe
 399 00ab 3A       		.uleb128 0x3a
GAS LISTING /tmp/ccs3XlGW.s 			page 8


 400 00ac 0B       		.uleb128 0xb
 401 00ad 3B       		.uleb128 0x3b
 402 00ae 0B       		.uleb128 0xb
 403 00af 39       		.uleb128 0x39
 404 00b0 0B       		.uleb128 0xb
 405 00b1 49       		.uleb128 0x49
 406 00b2 13       		.uleb128 0x13
 407 00b3 38       		.uleb128 0x38
 408 00b4 0B       		.uleb128 0xb
 409 00b5 00       		.byte	0
 410 00b6 00       		.byte	0
 411 00b7 0E       		.uleb128 0xe
 412 00b8 26       		.uleb128 0x26
 413 00b9 00       		.byte	0
 414 00ba 49       		.uleb128 0x49
 415 00bb 13       		.uleb128 0x13
 416 00bc 00       		.byte	0
 417 00bd 00       		.byte	0
 418 00be 0F       		.uleb128 0xf
 419 00bf 2E       		.uleb128 0x2e
 420 00c0 01       		.byte	0x1
 421 00c1 3F       		.uleb128 0x3f
 422 00c2 19       		.uleb128 0x19
 423 00c3 03       		.uleb128 0x3
 424 00c4 0E       		.uleb128 0xe
 425 00c5 3A       		.uleb128 0x3a
 426 00c6 0B       		.uleb128 0xb
 427 00c7 3B       		.uleb128 0x3b
 428 00c8 0B       		.uleb128 0xb
 429 00c9 39       		.uleb128 0x39
 430 00ca 0B       		.uleb128 0xb
 431 00cb 27       		.uleb128 0x27
 432 00cc 19       		.uleb128 0x19
 433 00cd 11       		.uleb128 0x11
 434 00ce 01       		.uleb128 0x1
 435 00cf 12       		.uleb128 0x12
 436 00d0 06       		.uleb128 0x6
 437 00d1 40       		.uleb128 0x40
 438 00d2 18       		.uleb128 0x18
 439 00d3 7A       		.uleb128 0x7a
 440 00d4 19       		.uleb128 0x19
 441 00d5 01       		.uleb128 0x1
 442 00d6 13       		.uleb128 0x13
 443 00d7 00       		.byte	0
 444 00d8 00       		.byte	0
 445 00d9 10       		.uleb128 0x10
 446 00da 2E       		.uleb128 0x2e
 447 00db 01       		.byte	0x1
 448 00dc 3F       		.uleb128 0x3f
 449 00dd 19       		.uleb128 0x19
 450 00de 03       		.uleb128 0x3
 451 00df 0E       		.uleb128 0xe
 452 00e0 3A       		.uleb128 0x3a
 453 00e1 0B       		.uleb128 0xb
 454 00e2 3B       		.uleb128 0x3b
 455 00e3 0B       		.uleb128 0xb
 456 00e4 39       		.uleb128 0x39
GAS LISTING /tmp/ccs3XlGW.s 			page 9


 457 00e5 0B       		.uleb128 0xb
 458 00e6 27       		.uleb128 0x27
 459 00e7 19       		.uleb128 0x19
 460 00e8 49       		.uleb128 0x49
 461 00e9 13       		.uleb128 0x13
 462 00ea 11       		.uleb128 0x11
 463 00eb 01       		.uleb128 0x1
 464 00ec 12       		.uleb128 0x12
 465 00ed 06       		.uleb128 0x6
 466 00ee 40       		.uleb128 0x40
 467 00ef 18       		.uleb128 0x18
 468 00f0 7A       		.uleb128 0x7a
 469 00f1 19       		.uleb128 0x19
 470 00f2 01       		.uleb128 0x1
 471 00f3 13       		.uleb128 0x13
 472 00f4 00       		.byte	0
 473 00f5 00       		.byte	0
 474 00f6 11       		.uleb128 0x11
 475 00f7 26       		.uleb128 0x26
 476 00f8 00       		.byte	0
 477 00f9 00       		.byte	0
 478 00fa 00       		.byte	0
 479 00fb 00       		.byte	0
 480              		.section	.debug_loclists,"",@progbits
 481 0000 20000000 		.long	.Ldebug_loc3-.Ldebug_loc2
 482              	.Ldebug_loc2:
 483 0004 0500     		.value	0x5
 484 0006 04       		.byte	0x4
 485 0007 00       		.byte	0
 486 0008 00000000 		.long	0
 487              	.Ldebug_loc0:
 488              	.LVUS1:
 489 000c 02       		.uleb128 .LVU9
 490 000d 00       		.uleb128 0
 491              	.LLST1:
 492 000e 08       		.byte	0x8
 493 000f 00000000 		.long	.LVL2
 494 0013 01       		.uleb128 .LFE239-.LVL2
 495 0014 02       		.uleb128 0x2
 496 0015 91       		.byte	0x91
 497 0016 00       		.sleb128 0
 498 0017 00       		.byte	0
 499              	.LVUS0:
 500 0018 00       		.uleb128 .LVU3
 501 0019 00       		.uleb128 0
 502              	.LLST0:
 503 001a 08       		.byte	0x8
 504 001b 04000000 		.long	.LVL1
 505 001f 07       		.uleb128 .LFE238-.LVL1
 506 0020 02       		.uleb128 0x2
 507 0021 91       		.byte	0x91
 508 0022 00       		.sleb128 0
 509 0023 00       		.byte	0
 510              	.Ldebug_loc3:
 511              		.section	.debug_aranges,"",@progbits
 512 0000 24000000 		.long	0x24
 513 0004 0200     		.value	0x2
GAS LISTING /tmp/ccs3XlGW.s 			page 10


 514 0006 00000000 		.long	.Ldebug_info0
 515 000a 04       		.byte	0x4
 516 000b 00       		.byte	0
 517 000c 0000     		.value	0
 518 000e 0000     		.value	0
 519 0010 00000000 		.long	.LFB238
 520 0014 0B000000 		.long	.LFE238-.LFB238
 521 0018 00000000 		.long	.LFB239
 522 001c 01000000 		.long	.LFE239-.LFB239
 523 0020 00000000 		.long	0
 524 0024 00000000 		.long	0
 525              		.section	.debug_rnglists,"",@progbits
 526              	.Ldebug_ranges0:
 527 0000 15000000 		.long	.Ldebug_ranges3-.Ldebug_ranges2
 528              	.Ldebug_ranges2:
 529 0004 0500     		.value	0x5
 530 0006 04       		.byte	0x4
 531 0007 00       		.byte	0
 532 0008 00000000 		.long	0
 533              	.LLRL2:
 534 000c 07       		.byte	0x7
 535 000d 00000000 		.long	.LFB238
 536 0011 0B       		.uleb128 .LFE238-.LFB238
 537 0012 07       		.byte	0x7
 538 0013 00000000 		.long	.LFB239
 539 0017 01       		.uleb128 .LFE239-.LFB239
 540 0018 00       		.byte	0
 541              	.Ldebug_ranges3:
 542              		.section	.debug_line,"",@progbits
 543              	.Ldebug_line0:
 544 0000 82000000 		.section	.debug_str,"MS",@progbits,1
 544      05000400 
 544      37000000 
 544      010101FB 
 544      0E0D0001 
 545              	.LASF4:
 546 0000 6C6F6E67 		.string	"long long int"
 546      206C6F6E 
 546      6720696E 
 546      7400
 547              	.LASF2:
 548 000e 756E7369 		.string	"unsigned int"
 548      676E6564 
 548      20696E74 
 548      00
 549              	.LASF20:
 550 001b 62617365 		.string	"base_object_c"
 550      5F6F626A 
 550      6563745F 
 550      6300
 551              	.LASF15:
 552 0029 62617365 		.string	"base_object"
 552      5F6F626A 
 552      65637400 
 553              	.LASF19:
 554 0035 474E5520 		.string	"GNU C17 11.4.0 -m32 -mtune=generic -march=i686 -ggdb -O2 -ffunction-sections -fdata-secti
 554      43313720 
GAS LISTING /tmp/ccs3XlGW.s 			page 11


 554      31312E34 
 554      2E30202D 
 554      6D333220 
 555              	.LASF6:
 556 00ed 5F466C6F 		.string	"_Float128"
 556      61743132 
 556      3800
 557              	.LASF9:
 558 00f7 6C6F6E67 		.string	"long unsigned int"
 558      20756E73 
 558      69676E65 
 558      6420696E 
 558      7400
 559              	.LASF12:
 560 0109 6C6F6E67 		.string	"long long unsigned int"
 560      206C6F6E 
 560      6720756E 
 560      7369676E 
 560      65642069 
 561              	.LASF18:
 562 0120 73656C66 		.string	"self"
 562      00
 563              	.LASF16:
 564 0125 62617365 		.string	"base_object_vmt"
 564      5F6F626A 
 564      6563745F 
 564      766D7400 
 565              	.LASF7:
 566 0135 756E7369 		.string	"unsigned char"
 566      676E6564 
 566      20636861 
 566      7200
 567              	.LASF13:
 568 0143 63686172 		.string	"char"
 568      00
 569              	.LASF3:
 570 0148 6C6F6E67 		.string	"long int"
 570      20696E74 
 570      00
 571              	.LASF14:
 572 0151 5F426F6F 		.string	"_Bool"
 572      6C00
 573              	.LASF8:
 574 0157 73686F72 		.string	"short unsigned int"
 574      7420756E 
 574      7369676E 
 574      65642069 
 574      6E7400
 575              	.LASF17:
 576 016a 64697370 		.string	"dispose"
 576      6F736500 
 577              	.LASF21:
 578 0172 5F5F626F 		.string	"__bo_dispose_impl"
 578      5F646973 
 578      706F7365 
 578      5F696D70 
 578      6C00
GAS LISTING /tmp/ccs3XlGW.s 			page 12


 579              	.LASF5:
 580 0184 6C6F6E67 		.string	"long double"
 580      20646F75 
 580      626C6500 
 581              	.LASF11:
 582 0190 73686F72 		.string	"short int"
 582      7420696E 
 582      7400
 583              	.LASF22:
 584 019a 5F5F626F 		.string	"__bo_objinit_impl"
 584      5F6F626A 
 584      696E6974 
 584      5F696D70 
 584      6C00
 585              	.LASF10:
 586 01ac 7369676E 		.string	"signed char"
 586      65642063 
 586      68617200 
 587              		.section	.debug_line_str,"MS",@progbits,1
 588              	.LASF0:
 589 0000 2E2E2F2E 		.string	"../../../os/common/oop/src/oop_base_object.c"
 589      2E2F2E2E 
 589      2F6F732F 
 589      636F6D6D 
 589      6F6E2F6F 
 590              	.LASF1:
 591 002d 2F686F6D 		.string	"/home/alex/ChibiOS/demos/various/LAB3_VARIANT3"
 591      652F616C 
 591      65782F43 
 591      68696269 
 591      4F532F64 
 592              		.ident	"GCC: (Ubuntu 11.4.0-1ubuntu1~22.04) 11.4.0"
 593 005c 2F686F6D 		.section	.note.GNU-stack,"",@progbits
 593      652F616C 
 593      65782F43 
 593      68696269 
 593      4F532F64 
GAS LISTING /tmp/ccs3XlGW.s 			page 13


DEFINED SYMBOLS
                            *ABS*:0000000000000000 oop_base_object.c
     /tmp/ccs3XlGW.s:9      .text.__bo_objinit_impl:0000000000000000 __bo_objinit_impl
     /tmp/ccs3XlGW.s:33     .text.__bo_dispose_impl:0000000000000000 __bo_dispose_impl

NO UNDEFINED SYMBOLS
