GAS LISTING /tmp/ccIdnjrC.s 			page 1


   1              		.file	"chdebug.c"
   2              		.text
   3              	.Ltext0:
   4              		.file 0 "/home/alex/ChibiOS/demos/various/LAB2" "../../../os/rt/src/chdebug.c"
   5              	.Letext0:
   6              		.section	.debug_info,"",@progbits
   7              	.Ldebug_info0:
   8 0000 7D000000 		.long	0x7d
   9 0004 0500     		.value	0x5
  10 0006 01       		.byte	0x1
  11 0007 04       		.byte	0x4
  12 0008 00000000 		.long	.Ldebug_abbrev0
  13 000c 02       		.uleb128 0x2
  14 000d 39000000 		.long	.LASF15
  15 0011 1D       		.byte	0x1d
  16 0012 00000000 		.long	.LASF0
  17 0016 1D000000 		.long	.LASF1
  18 001a 00000000 		.long	.Ldebug_line0
  19 001e 03       		.uleb128 0x3
  20 001f 04       		.byte	0x4
  21 0020 05       		.byte	0x5
  22 0021 696E7400 		.string	"int"
  23 0025 01       		.uleb128 0x1
  24 0026 04       		.byte	0x4
  25 0027 07       		.byte	0x7
  26 0028 00000000 		.long	.LASF2
  27 002c 01       		.uleb128 0x1
  28 002d 04       		.byte	0x4
  29 002e 05       		.byte	0x5
  30 002f 22010000 		.long	.LASF3
  31 0033 01       		.uleb128 0x1
  32 0034 08       		.byte	0x8
  33 0035 05       		.byte	0x5
  34 0036 4F010000 		.long	.LASF4
  35 003a 01       		.uleb128 0x1
  36 003b 0C       		.byte	0xc
  37 003c 04       		.byte	0x4
  38 003d 2B010000 		.long	.LASF5
  39 0041 01       		.uleb128 0x1
  40 0042 10       		.byte	0x10
  41 0043 04       		.byte	0x4
  42 0044 F1000000 		.long	.LASF6
  43 0048 01       		.uleb128 0x1
  44 0049 01       		.byte	0x1
  45 004a 08       		.byte	0x8
  46 004b 1F000000 		.long	.LASF7
  47 004f 01       		.uleb128 0x1
  48 0050 02       		.byte	0x2
  49 0051 07       		.byte	0x7
  50 0052 3C010000 		.long	.LASF8
  51 0056 01       		.uleb128 0x1
  52 0057 04       		.byte	0x4
  53 0058 07       		.byte	0x7
  54 0059 0D000000 		.long	.LASF9
  55 005d 01       		.uleb128 0x1
  56 005e 01       		.byte	0x1
  57 005f 06       		.byte	0x6
GAS LISTING /tmp/ccIdnjrC.s 			page 2


  58 0060 2D000000 		.long	.LASF10
  59 0064 01       		.uleb128 0x1
  60 0065 02       		.byte	0x2
  61 0066 05       		.byte	0x5
  62 0067 FB000000 		.long	.LASF11
  63 006b 01       		.uleb128 0x1
  64 006c 08       		.byte	0x8
  65 006d 07       		.byte	0x7
  66 006e 05010000 		.long	.LASF12
  67 0072 01       		.uleb128 0x1
  68 0073 01       		.byte	0x1
  69 0074 06       		.byte	0x6
  70 0075 37010000 		.long	.LASF13
  71 0079 01       		.uleb128 0x1
  72 007a 01       		.byte	0x1
  73 007b 02       		.byte	0x2
  74 007c 1C010000 		.long	.LASF14
  75 0080 00       		.byte	0
  76              		.section	.debug_abbrev,"",@progbits
  77              	.Ldebug_abbrev0:
  78 0000 01       		.uleb128 0x1
  79 0001 24       		.uleb128 0x24
  80 0002 00       		.byte	0
  81 0003 0B       		.uleb128 0xb
  82 0004 0B       		.uleb128 0xb
  83 0005 3E       		.uleb128 0x3e
  84 0006 0B       		.uleb128 0xb
  85 0007 03       		.uleb128 0x3
  86 0008 0E       		.uleb128 0xe
  87 0009 00       		.byte	0
  88 000a 00       		.byte	0
  89 000b 02       		.uleb128 0x2
  90 000c 11       		.uleb128 0x11
  91 000d 01       		.byte	0x1
  92 000e 25       		.uleb128 0x25
  93 000f 0E       		.uleb128 0xe
  94 0010 13       		.uleb128 0x13
  95 0011 0B       		.uleb128 0xb
  96 0012 03       		.uleb128 0x3
  97 0013 1F       		.uleb128 0x1f
  98 0014 1B       		.uleb128 0x1b
  99 0015 1F       		.uleb128 0x1f
 100 0016 10       		.uleb128 0x10
 101 0017 17       		.uleb128 0x17
 102 0018 00       		.byte	0
 103 0019 00       		.byte	0
 104 001a 03       		.uleb128 0x3
 105 001b 24       		.uleb128 0x24
 106 001c 00       		.byte	0
 107 001d 0B       		.uleb128 0xb
 108 001e 0B       		.uleb128 0xb
 109 001f 3E       		.uleb128 0x3e
 110 0020 0B       		.uleb128 0xb
 111 0021 03       		.uleb128 0x3
 112 0022 08       		.uleb128 0x8
 113 0023 00       		.byte	0
 114 0024 00       		.byte	0
GAS LISTING /tmp/ccIdnjrC.s 			page 3


 115 0025 00       		.byte	0
 116              		.section	.debug_aranges,"",@progbits
 117 0000 14000000 		.long	0x14
 118 0004 0200     		.value	0x2
 119 0006 00000000 		.long	.Ldebug_info0
 120 000a 04       		.byte	0x4
 121 000b 00       		.byte	0
 122 000c 0000     		.value	0
 123 000e 0000     		.value	0
 124 0010 00000000 		.long	0
 125 0014 00000000 		.long	0
 126              		.section	.debug_line,"",@progbits
 127              	.Ldebug_line0:
 128 0000 31000000 		.section	.debug_str,"MS",@progbits,1
 128      05000400 
 128      29000000 
 128      010101FB 
 128      0E0D0001 
 129              	.LASF2:
 130 0000 756E7369 		.string	"unsigned int"
 130      676E6564 
 130      20696E74 
 130      00
 131              	.LASF9:
 132 000d 6C6F6E67 		.string	"long unsigned int"
 132      20756E73 
 132      69676E65 
 132      6420696E 
 132      7400
 133              	.LASF7:
 134 001f 756E7369 		.string	"unsigned char"
 134      676E6564 
 134      20636861 
 134      7200
 135              	.LASF10:
 136 002d 7369676E 		.string	"signed char"
 136      65642063 
 136      68617200 
 137              	.LASF15:
 138 0039 474E5520 		.string	"GNU C17 11.4.0 -m32 -mtune=generic -march=i686 -ggdb -O2 -ffunction-sections -fdata-secti
 138      43313720 
 138      31312E34 
 138      2E30202D 
 138      6D333220 
 139              	.LASF6:
 140 00f1 5F466C6F 		.string	"_Float128"
 140      61743132 
 140      3800
 141              	.LASF11:
 142 00fb 73686F72 		.string	"short int"
 142      7420696E 
 142      7400
 143              	.LASF12:
 144 0105 6C6F6E67 		.string	"long long unsigned int"
 144      206C6F6E 
 144      6720756E 
 144      7369676E 
GAS LISTING /tmp/ccIdnjrC.s 			page 4


 144      65642069 
 145              	.LASF14:
 146 011c 5F426F6F 		.string	"_Bool"
 146      6C00
 147              	.LASF3:
 148 0122 6C6F6E67 		.string	"long int"
 148      20696E74 
 148      00
 149              	.LASF5:
 150 012b 6C6F6E67 		.string	"long double"
 150      20646F75 
 150      626C6500 
 151              	.LASF13:
 152 0137 63686172 		.string	"char"
 152      00
 153              	.LASF8:
 154 013c 73686F72 		.string	"short unsigned int"
 154      7420756E 
 154      7369676E 
 154      65642069 
 154      6E7400
 155              	.LASF4:
 156 014f 6C6F6E67 		.string	"long long int"
 156      206C6F6E 
 156      6720696E 
 156      7400
 157              		.section	.debug_line_str,"MS",@progbits,1
 158              	.LASF0:
 159 0000 2E2E2F2E 		.string	"../../../os/rt/src/chdebug.c"
 159      2E2F2E2E 
 159      2F6F732F 
 159      72742F73 
 159      72632F63 
 160              	.LASF1:
 161 001d 2F686F6D 		.string	"/home/alex/ChibiOS/demos/various/LAB2"
 161      652F616C 
 161      65782F43 
 161      68696269 
 161      4F532F64 
 162              		.ident	"GCC: (Ubuntu 11.4.0-1ubuntu1~22.04) 11.4.0"
 163 0043 2F686F6D 		.section	.note.GNU-stack,"",@progbits
 163      652F616C 
 163      65782F43 
 163      68696269 
 163      4F532F64 
GAS LISTING /tmp/ccIdnjrC.s 			page 5


DEFINED SYMBOLS
                            *ABS*:0000000000000000 chdebug.c

NO UNDEFINED SYMBOLS
